<?xml version="1.0" encoding="UTF-8"?>
<!-- Generated by org.testng.reporters.JUnitReportReporter -->
<testsuite hostname="LAPTOP-EQU6SNBM" failures="0" tests="8" name="testNG.parallel.invocation.ParallelTestMethodExample" time="0.062" errors="0" timestamp="2024-12-10T22:41:05 IST" skipped="0">
  <testcase classname="testNG.parallel.invocation.ParallelTestMethodExample" name="testCase" time="0.013"/>
  <system-out/>
  <testcase classname="testNG.parallel.invocation.ParallelTestMethodExample" name="testCase" time="0.013"/>
  <system-out/>
  <testcase classname="testNG.parallel.invocation.ParallelTestMethodExample" name="testCase" time="0.001"/>
  <system-out/>
  <testcase classname="testNG.parallel.invocation.ParallelTestMethodExample" name="testCase" time="0.013"/>
  <system-out/>
  <testcase classname="testNG.parallel.invocation.ParallelTestMethodExample" name="testCase" time="0.004"/>
  <system-out/>
  <testcase classname="testNG.parallel.invocation.ParallelTestMethodExample" name="testCase" time="0.013"/>
  <system-out/>
  <testcase classname="testNG.parallel.invocation.ParallelTestMethodExample" name="testCase" time="0.002"/>
  <system-out/>
  <testcase classname="testNG.parallel.invocation.ParallelTestMethodExample" name="testCase" time="0.003"/>
  <system-out/>
</testsuite> <!-- testNG.parallel.invocation.ParallelTestMethodExample -->
