<?xml version="1.0" encoding="UTF-8"?>
<!-- Generated by org.testng.reporters.JUnitReportReporter -->
<testsuite hostname="LAPTOP-EQU6SNBM" failures="0" tests="2" name="testNG.demo.DataProviderDemo" time="14.869" errors="0" timestamp="2024-11-26T14:42:49 IST" skipped="0">
  <testcase classname="testNG.demo.DataProviderDemo" name="loginToApplication" time="7.395"/>
  <system-out/>
  <testcase classname="testNG.demo.DataProviderDemo" name="loginToApplication" time="7.474"/>
  <system-out/>
</testsuite> <!-- testNG.demo.DataProviderDemo -->
