<?xml version="1.0" encoding="UTF-8"?>
<!-- Generated by org.testng.reporters.JUnitReportReporter -->
<testsuite hostname="LAPTOP-EQU6SNBM" failures="0" tests="2" name="testNG.demo.PriorityDuplicates" time="0.013" errors="0" timestamp="2024-11-13T13:42:51 IST" skipped="0">
  <testcase classname="testNG.demo.PriorityDuplicates" name="a" time="0.011"/>
  <system-out/>
  <testcase classname="testNG.demo.PriorityDuplicates" name="d" time="0.002"/>
  <system-out/>
</testsuite> <!-- testNG.demo.PriorityDuplicates -->
