<?xml version="1.0" encoding="UTF-8"?>
<!-- Generated by org.testng.reporters.JUnitReportReporter -->
<testsuite hostname="LAPTOP-EQU6SNBM" failures="0" tests="1" name="testNG.demo.AssertFalseDemo" time="9.846" errors="0" timestamp="2024-11-26T14:33:00 IST" skipped="0">
  <testcase classname="testNG.demo.AssertFalseDemo" name="checkIfAllCheckBoxIsSelected" time="9.846"/>
  <system-out/>
</testsuite> <!-- testNG.demo.AssertFalseDemo -->
