<?xml version="1.0" encoding="UTF-8"?>
<!-- Generated by org.testng.reporters.JUnitReportReporter -->
<testsuite hostname="LAPTOP-EQU6SNBM" failures="0" tests="2" name="testNG.annotation.demo.TestAnnotationDemo" time="0.011" errors="0" timestamp="2024-11-26T15:07:00 IST" skipped="0">
  <testcase classname="testNG.annotation.demo.TestAnnotationDemo" name="logout" time="0.001"/>
  <system-out/>
  <testcase classname="testNG.annotation.demo.TestAnnotationDemo" name="login" time="0.010"/>
  <system-out/>
</testsuite> <!-- testNG.annotation.demo.TestAnnotationDemo -->
