<?xml version="1.0" encoding="UTF-8"?>
<!-- Generated by org.testng.reporters.JUnitReportReporter -->
<testsuite hostname="LAPTOP-EQU6SNBM" failures="0" tests="4" name="testNG.demo.TestGroupDemo" time="0.012" errors="0" timestamp="2024-11-26T15:02:46 IST" skipped="0">
  <testcase classname="testNG.demo.TestGroupDemo" name="login_1" time="0.009"/>
  <system-out/>
  <testcase classname="testNG.demo.TestGroupDemo" name="login_2" time="0.001"/>
  <system-out/>
  <testcase classname="testNG.demo.TestGroupDemo" name="reset_2" time="0.001"/>
  <system-out/>
  <testcase classname="testNG.demo.TestGroupDemo" name="reset_1" time="0.001"/>
  <system-out/>
</testsuite> <!-- testNG.demo.TestGroupDemo -->
