<?xml version="1.0" encoding="UTF-8"?>
<!-- Generated by org.testng.reporters.JUnitReportReporter -->
<testsuite hostname="LAPTOP-EQU6SNBM" failures="0" tests="4" name="testNG.demo.PriorityRealTimeDemo" time="14.602" errors="0" timestamp="2024-11-13T12:49:26 IST" skipped="0">
  <testcase classname="testNG.demo.PriorityRealTimeDemo" name="login" time="5.941"/>
  <system-out/>
  <testcase classname="testNG.demo.PriorityRealTimeDemo" name="enterData" time="3.786"/>
  <system-out/>
  <testcase classname="testNG.demo.PriorityRealTimeDemo" name="logout" time="4.742"/>
  <system-out/>
  <testcase classname="testNG.demo.PriorityRealTimeDemo" name="closeBrowser" time="0.133"/>
  <system-out/>
</testsuite> <!-- testNG.demo.PriorityRealTimeDemo -->
