<?xml version="1.0" encoding="UTF-8"?>
<!-- Generated by org.testng.reporters.JUnitReportReporter -->
<testsuite hostname="LAPTOP-EQU6SNBM" failures="0" tests="3" name="testNG.listener.demo.OrangeHrmTestCases" time="13.827" errors="0" timestamp="2024-11-26T15:24:20 IST" skipped="0">
  <testcase classname="testNG.listener.demo.OrangeHrmTestCases" name="login" time="5.783"/>
  <system-out/>
  <testcase classname="testNG.listener.demo.OrangeHrmTestCases" name="enterData" time="3.755"/>
  <system-out/>
  <testcase classname="testNG.listener.demo.OrangeHrmTestCases" name="logout" time="4.289"/>
  <system-out/>
</testsuite> <!-- testNG.listener.demo.OrangeHrmTestCases -->
