<?xml version="1.0" encoding="UTF-8"?>
<!-- Generated by org.testng.reporters.JUnitReportReporter -->
<testsuite hostname="LAPTOP-EQU6SNBM" failures="0" tests="4" name="testNG.demo.PriorityNegative" time="0.014" errors="0" timestamp="2024-11-13T13:44:55 IST" skipped="0">
  <testcase classname="testNG.demo.PriorityNegative" name="b" time="0.011"/>
  <system-out/>
  <testcase classname="testNG.demo.PriorityNegative" name="c" time="0.001"/>
  <system-out/>
  <testcase classname="testNG.demo.PriorityNegative" name="d" time="0.001"/>
  <system-out/>
  <testcase classname="testNG.demo.PriorityNegative" name="a" time="0.001"/>
  <system-out/>
</testsuite> <!-- testNG.demo.PriorityNegative -->
