<?xml version="1.0" encoding="UTF-8"?>
<!-- Generated by org.testng.reporters.JUnitReportReporter -->
<testsuite hostname="LAPTOP-EQU6SNBM" failures="0" tests="2" name="testNG.annotation.demo.MethodsDemo" time="0.016" errors="0" timestamp="2024-11-18T16:02:14 IST" skipped="0">
  <testcase classname="testNG.annotation.demo.MethodsDemo" name="addToCart" time="0.007"/>
  <system-out/>
  <testcase classname="testNG.annotation.demo.MethodsDemo" name="removeFromCart" time="0.009"/>
  <system-out/>
</testsuite> <!-- testNG.annotation.demo.MethodsDemo -->
