<?xml version="1.0" encoding="UTF-8"?>
<!-- Generated by org.testng.reporters.JUnitReportReporter -->
<testsuite hostname="LAPTOP-EQU6SNBM" failures="0" tests="1" name="testNG.demo.TestNG_XML_Demo_2" time="1.826" errors="0" timestamp="2024-11-26T14:57:22 IST" skipped="0">
  <testcase classname="testNG.demo.TestNG_XML_Demo_2" name="testing" time="1.826"/>
  <system-out/>
</testsuite> <!-- testNG.demo.TestNG_XML_Demo_2 -->
