<?xml version="1.0" encoding="UTF-8"?>
<!-- Generated by org.testng.reporters.JUnitReportReporter -->
<testsuite hostname="LAPTOP-EQU6SNBM" failures="0" tests="3" name="testNG.annotation.demo.TestDemo" time="0.011" errors="0" timestamp="2024-11-26T15:09:10 IST" skipped="0">
  <testcase classname="testNG.annotation.demo.TestDemo" name="login" time="0.008"/>
  <system-out/>
  <testcase classname="testNG.annotation.demo.TestDemo" name="search" time="0.002"/>
  <system-out/>
  <testcase classname="testNG.annotation.demo.TestDemo" name="logout" time="0.001"/>
  <system-out/>
</testsuite> <!-- testNG.annotation.demo.TestDemo -->
