<?xml version="1.0" encoding="UTF-8"?>
<!-- Generated by org.testng.reporters.JUnitReportReporter -->
<testsuite hostname="LAPTOP-EQU6SNBM" failures="0" tests="1" name="testNG.demo.TestNG_XML_Demo" time="7.394" errors="0" timestamp="2024-11-26T14:58:29 IST" skipped="0">
  <testcase classname="testNG.demo.TestNG_XML_Demo" name="login" time="7.394"/>
  <system-out/>
</testsuite> <!-- testNG.demo.TestNG_XML_Demo -->
