<?xml version="1.0" encoding="UTF-8"?>
<!-- Generated by org.testng.reporters.JUnitReportReporter -->
<testsuite hostname="LAPTOP-EQU6SNBM" failures="0" tests="2" name="testNG.demo.DataProviderDemo" time="13.294" errors="0" timestamp="2024-11-14T12:37:31 IST" skipped="0">
  <testcase classname="testNG.demo.DataProviderDemo" name="loginToApplication" time="7.290"/>
  <system-out/>
  <testcase classname="testNG.demo.DataProviderDemo" name="loginToApplication" time="6.004"/>
  <system-out/>
</testsuite> <!-- testNG.demo.DataProviderDemo -->
