<?xml version="1.0" encoding="UTF-8"?>
<!-- Generated by org.testng.reporters.JUnitReportReporter -->
<testsuite hostname="LAPTOP-EQU6SNBM" failures="0" tests="4" name="testNG.demo.PriorityRealTimeDemo" time="15.127" errors="0" timestamp="2024-11-26T14:48:10 IST" skipped="0">
  <testcase classname="testNG.demo.PriorityRealTimeDemo" name="login" time="7.585"/>
  <system-out/>
  <testcase classname="testNG.demo.PriorityRealTimeDemo" name="enterData" time="2.905"/>
  <system-out/>
  <testcase classname="testNG.demo.PriorityRealTimeDemo" name="logout" time="4.496"/>
  <system-out/>
  <testcase classname="testNG.demo.PriorityRealTimeDemo" name="closeBrowser" time="0.141"/>
  <system-out/>
</testsuite> <!-- testNG.demo.PriorityRealTimeDemo -->
