<?xml version="1.0" encoding="UTF-8"?>
<!-- Generated by org.testng.reporters.JUnitReportReporter -->
<testsuite hostname="LAPTOP-EQU6SNBM" failures="0" tests="2" name="testNG.annotation.demo.SuiteDemo" time="0.008" errors="0" timestamp="2024-11-18T16:05:05 IST" skipped="0">
  <testcase classname="testNG.annotation.demo.SuiteDemo" name="sampleTest1" time="0.006"/>
  <system-out/>
  <testcase classname="testNG.annotation.demo.SuiteDemo" name="sampleTest2" time="0.002"/>
  <system-out/>
</testsuite> <!-- testNG.annotation.demo.SuiteDemo -->
