<?xml version="1.0" encoding="UTF-8"?>
<!-- Generated by org.testng.reporters.JUnitReportReporter -->
<testsuite hostname="LAPTOP-EQU6SNBM" failures="0" tests="2" name="testNG.demo.TestNG_XML_Demo" time="11.401" errors="0" timestamp="2024-11-13T17:42:57 IST" skipped="0">
  <testcase classname="testNG.demo.TestNG_XML_Demo" name="login" time="8.449"/>
  <system-out/>
  <testcase classname="testNG.demo.TestNG_XML_Demo" name="enterData" time="2.952"/>
  <system-out/>
</testsuite> <!-- testNG.demo.TestNG_XML_Demo -->
