<?xml version="1.0" encoding="UTF-8"?>
<!-- Generated by org.testng.reporters.JUnitReportReporter -->
<testsuite hostname="LAPTOP-EQU6SNBM" failures="0" tests="3" name="testNG.demo.InvocationDemo" time="28.213" errors="0" timestamp="2024-11-13T14:05:19 IST" skipped="0">
  <testcase classname="testNG.demo.InvocationDemo" name="login" time="8.995"/>
  <system-out/>
  <testcase classname="testNG.demo.InvocationDemo" name="login" time="10.025"/>
  <system-out/>
  <testcase classname="testNG.demo.InvocationDemo" name="login" time="9.193"/>
  <system-out/>
</testsuite> <!-- testNG.demo.InvocationDemo -->
