<?xml version="1.0" encoding="UTF-8"?>
<!-- Generated by org.testng.reporters.JUnitReportReporter -->
<testsuite hostname="LAPTOP-EQU6SNBM" failures="0" tests="1" name="testNG.demo.AssertEqualsDemo" time="12.231" errors="0" timestamp="2024-11-26T14:32:14 IST" skipped="0">
  <testcase classname="testNG.demo.AssertEqualsDemo" name="loginToOrangeHRM" time="12.231"/>
  <system-out/>
</testsuite> <!-- testNG.demo.AssertEqualsDemo -->
