<?xml version="1.0" encoding="UTF-8"?>
<!-- Generated by org.testng.reporters.JUnitReportReporter -->
<testsuite hostname="LAPTOP-EQU6SNBM" failures="0" tests="4" name="testNG.parallel.methods.ParallelMethodsExample" time="0.026" errors="0" timestamp="2024-12-10T22:16:58 IST" skipped="0">
  <testcase classname="testNG.parallel.methods.ParallelMethodsExample" name="testCase1" time="0.012"/>
  <system-out/>
  <testcase classname="testNG.parallel.methods.ParallelMethodsExample" name="testCase4" time="0.001"/>
  <system-out/>
  <testcase classname="testNG.parallel.methods.ParallelMethodsExample" name="testCase3" time="0.001"/>
  <system-out/>
  <testcase classname="testNG.parallel.methods.ParallelMethodsExample" name="testCase2" time="0.012"/>
  <system-out/>
</testsuite> <!-- testNG.parallel.methods.ParallelMethodsExample -->
