<?xml version="1.0" encoding="UTF-8"?>
<!-- Generated by org.testng.reporters.JUnitReportReporter -->
<testsuite hostname="LAPTOP-EQU6SNBM" failures="0" tests="1" name="testNG.demo.MutlipleAssertionsDemo" time="11.568" errors="0" timestamp="2024-11-13T11:43:53 IST" skipped="0">
  <testcase classname="testNG.demo.MutlipleAssertionsDemo" name="multipleAssertionsCheck" time="11.568"/>
  <system-out/>
</testsuite> <!-- testNG.demo.MutlipleAssertionsDemo -->
