<?xml version="1.0" encoding="UTF-8"?>
<!-- Generated by org.testng.reporters.JUnitReportReporter -->
<testsuite hostname="LAPTOP-EQU6SNBM" failures="0" tests="1" name="testNG.demo.TestNG_XML_Demo_3" time="8.369" errors="0" timestamp="2024-11-26T15:01:39 IST" skipped="0">
  <testcase classname="testNG.demo.TestNG_XML_Demo_3" name="parametersDemo" time="8.369"/>
  <system-out/>
</testsuite> <!-- testNG.demo.TestNG_XML_Demo_3 -->
