<?xml version="1.0" encoding="UTF-8"?>
<!-- Generated by org.testng.reporters.JUnitReportReporter -->
<testsuite hostname="LAPTOP-EQU6SNBM" failures="0" tests="1" name="testNG.demo.AssertNotEqualsDemo" time="10.218" errors="0" timestamp="2024-11-12T17:21:52 IST" skipped="0">
  <testcase classname="testNG.demo.AssertNotEqualsDemo" name="loginToOrangeHRM" time="10.218"/>
  <system-out/>
</testsuite> <!-- testNG.demo.AssertNotEqualsDemo -->
