<?xml version="1.0" encoding="UTF-8"?>
<!-- Generated by org.testng.reporters.JUnitReportReporter -->
<testsuite hostname="LAPTOP-EQU6SNBM" failures="0" tests="3" name="testNG.listener.demo.OrangeHrmTestCases" time="20.078" errors="0" timestamp="2024-11-18T13:16:44 IST" skipped="1">
  <testcase classname="testNG.listener.demo.OrangeHrmTestCases" name="login" time="16.389"/>
  <system-out/>
  <testcase classname="testNG.listener.demo.OrangeHrmTestCases" name="enterData" time="3.689"/>
  <system-out/>
  <testcase classname="testNG.listener.demo.OrangeHrmTestCases" name="logout">
    <skipped/>
  </testcase> <!-- logout -->
  <system-out/>
</testsuite> <!-- testNG.listener.demo.OrangeHrmTestCases -->
