<?xml version="1.0" encoding="UTF-8"?>
<!-- Generated by org.testng.reporters.JUnitReportReporter -->
<testsuite hostname="LAPTOP-EQU6SNBM" failures="0" tests="3" name="testNG.demo.TestGroupDemo_2" time="0.013" errors="0" timestamp="2024-11-26T15:05:12 IST" skipped="0">
  <testcase classname="testNG.demo.TestGroupDemo_2" name="reset_2" time="0.002"/>
  <system-out/>
  <testcase classname="testNG.demo.TestGroupDemo_2" name="login_1" time="0.010"/>
  <system-out/>
  <testcase classname="testNG.demo.TestGroupDemo_2" name="login_2" time="0.001"/>
  <system-out/>
</testsuite> <!-- testNG.demo.TestGroupDemo_2 -->
