<?xml version="1.0" encoding="UTF-8"?>
<!-- Generated by org.testng.reporters.JUnitReportReporter -->
<testsuite hostname="LAPTOP-EQU6SNBM" failures="0" tests="3" name="testNG.demo.ExcludeTestCaseDemo" time="0.011" errors="0" timestamp="2024-11-26T14:37:15 IST" skipped="1">
  <testcase classname="testNG.demo.ExcludeTestCaseDemo" name="d" time="0.010"/>
  <system-out/>
  <testcase classname="testNG.demo.ExcludeTestCaseDemo" name="c" time="0.001"/>
  <system-out/>
  <testcase classname="testNG.demo.ExcludeTestCaseDemo" name="b">
    <skipped/>
  </testcase> <!-- b -->
  <system-out/>
</testsuite> <!-- testNG.demo.ExcludeTestCaseDemo -->
