<?xml version="1.0" encoding="UTF-8"?>
<!-- Generated by org.testng.reporters.JUnitReportReporter -->
<testsuite hostname="LAPTOP-EQU6SNBM" failures="0" tests="2" name="testNG.demo.PriorityDuplicates" time="0.010" errors="0" timestamp="2024-11-26T14:46:09 IST" skipped="0">
  <testcase classname="testNG.demo.PriorityDuplicates" name="a" time="0.009"/>
  <system-out/>
  <testcase classname="testNG.demo.PriorityDuplicates" name="d" time="0.001"/>
  <system-out/>
</testsuite> <!-- testNG.demo.PriorityDuplicates -->
