<?xml version="1.0" encoding="UTF-8"?>
<!-- Generated by org.testng.reporters.JUnitReportReporter -->
<testsuite hostname="LAPTOP-EQU6SNBM" failures="0" tests="1" name="testNG.demo.SampleTestCaseDemo" time="6.533" errors="0" timestamp="2024-11-12T16:34:42 IST" skipped="0">
  <testcase classname="testNG.demo.SampleTestCaseDemo" name="launchGooglePage" time="6.533"/>
  <system-out/>
</testsuite> <!-- testNG.demo.SampleTestCaseDemo -->
