<?xml version="1.0" encoding="UTF-8"?>
<!-- Generated by org.testng.reporters.JUnitReportReporter -->
<testsuite hostname="LAPTOP-EQU6SNBM" failures="0" tests="2" name="testNG.annotation.demo.GroupDemo" time="0.010" errors="0" timestamp="2024-11-26T15:10:00 IST" skipped="0">
  <testcase classname="testNG.annotation.demo.GroupDemo" name="testUIHomePage" time="0.002"/>
  <system-out/>
  <testcase classname="testNG.annotation.demo.GroupDemo" name="testDatabaseInsert" time="0.008"/>
  <system-out/>
</testsuite> <!-- testNG.annotation.demo.GroupDemo -->
