<?xml version="1.0" encoding="UTF-8"?>
<!-- Generated by org.testng.reporters.JUnitReportReporter -->
<testsuite hostname="LAPTOP-EQU6SNBM" failures="0" tests="2" name="testNG.annotation.demo.GroupDemo" time="0.006" errors="0" timestamp="2024-11-18T16:02:53 IST" skipped="0">
  <testcase classname="testNG.annotation.demo.GroupDemo" name="testUIHomePage" time="0.001"/>
  <system-out/>
  <testcase classname="testNG.annotation.demo.GroupDemo" name="testDatabaseInsert" time="0.005"/>
  <system-out/>
</testsuite> <!-- testNG.annotation.demo.GroupDemo -->
