<?xml version="1.0" encoding="UTF-8"?>
<!-- Generated by org.testng.reporters.JUnitReportReporter -->
<testsuite hostname="LAPTOP-EQU6SNBM" failures="0" tests="4" name="testNG.parallel.tests.ParallelClassesExample2" time="0.019" errors="0" timestamp="2024-12-10T22:34:08 IST" skipped="0">
  <testcase classname="testNG.parallel.tests.ParallelClassesExample2" name="testCase8" time="0.002"/>
  <system-out/>
  <testcase classname="testNG.parallel.tests.ParallelClassesExample2" name="testCase5" time="0.014"/>
  <system-out/>
  <testcase classname="testNG.parallel.tests.ParallelClassesExample2" name="testCase7" time="0.001"/>
  <system-out/>
  <testcase classname="testNG.parallel.tests.ParallelClassesExample2" name="testCase6" time="0.002"/>
  <system-out/>
</testsuite> <!-- testNG.parallel.tests.ParallelClassesExample2 -->
