<?xml version="1.0" encoding="UTF-8"?>
<!-- Generated by org.testng.reporters.JUnitReportReporter -->
<testsuite hostname="LAPTOP-EQU6SNBM" failures="0" tests="4" name="testNG.demo.PriorityPartial" time="0.012" errors="0" timestamp="2024-11-13T13:48:55 IST" skipped="0">
  <testcase classname="testNG.demo.PriorityPartial" name="b" time="0.010"/>
  <system-out/>
  <testcase classname="testNG.demo.PriorityPartial" name="c" time="0.001"/>
  <system-out/>
  <testcase classname="testNG.demo.PriorityPartial" name="d" time="0.000"/>
  <system-out/>
  <testcase classname="testNG.demo.PriorityPartial" name="a" time="0.001"/>
  <system-out/>
</testsuite> <!-- testNG.demo.PriorityPartial -->
