<?xml version="1.0" encoding="UTF-8"?>
<!-- Generated by org.testng.reporters.JUnitReportReporter -->
<testsuite hostname="LAPTOP-EQU6SNBM" failures="0" tests="1" name="testNG.demo.AssertTrueDemo" time="8.453" errors="0" timestamp="2024-11-12T17:37:23 IST" skipped="0">
  <testcase classname="testNG.demo.AssertTrueDemo" name="loginToOrangeHRMAssertTrue" time="8.453"/>
  <system-out/>
</testsuite> <!-- testNG.demo.AssertTrueDemo -->
