<?xml version="1.0" encoding="UTF-8"?>
<!-- Generated by org.testng.reporters.JUnitReportReporter -->
<testsuite hostname="LAPTOP-EQU6SNBM" failures="0" tests="4" name="testNG.parallel.classes.ParallelClassesExample1" time="0.026" errors="0" timestamp="2024-12-10T22:25:39 IST" skipped="0">
  <testcase classname="testNG.parallel.classes.ParallelClassesExample1" name="testCase3" time="0.003"/>
  <system-out/>
  <testcase classname="testNG.parallel.classes.ParallelClassesExample1" name="testCase1" time="0.018"/>
  <system-out/>
  <testcase classname="testNG.parallel.classes.ParallelClassesExample1" name="testCase4" time="0.002"/>
  <system-out/>
  <testcase classname="testNG.parallel.classes.ParallelClassesExample1" name="testCase2" time="0.003"/>
  <system-out/>
</testsuite> <!-- testNG.parallel.classes.ParallelClassesExample1 -->
