<?xml version="1.0" encoding="UTF-8"?>
<!-- Generated by org.testng.reporters.JUnitReportReporter -->
<testsuite hostname="LAPTOP-EQU6SNBM" failures="0" tests="2" name="testNG.annotation.demo.TestAnnotationDemo" time="0.012" errors="0" timestamp="2024-11-14T16:16:24 IST" skipped="0">
  <testcase classname="testNG.annotation.demo.TestAnnotationDemo" name="logout" time="0.001"/>
  <system-out/>
  <testcase classname="testNG.annotation.demo.TestAnnotationDemo" name="login" time="0.011"/>
  <system-out/>
</testsuite> <!-- testNG.annotation.demo.TestAnnotationDemo -->
